<?xml version="1.0" encoding="UTF-8"?>
<!-- Generated by org.testng.reporters.JUnitXMLReporter -->
<testsuite ignored="1" hostname="DESKTOP-ON9MR60" failures="0" tests="28" name="Selenium test" time="127.543" errors="0" timestamp="2022-04-16T17:55:41 PDT">
  <testcase classname="pageObjectTest.LoginTest" name="loginTest_correctCredentials_loggedToApp3" time="1.193"/>
  <testcase classname="pageObjectTest.LoginTest" name="loginTest_IncorrectCredentials_errorRedFrame3" time="1.562"/>
  <testcase classname="pageObjectTest.LoginTest" name="loginTest_correctCredentials_loggedToApp2" time="1.377"/>
  <testcase classname="pageObjectTest.LoginTest" name="loginTest_IncorrectCredentials_errorRedFrame2" time="1.367"/>
  <testcase classname="pageObjectTest.LoginTest" name="loginTest_correctCredentials_loggedToApp1" time="1.851"/>
  <testcase classname="pageObjectTest.LoginTest" name="loginTest_IncorrectCredentials_errorRedFrame1" time="1.434"/>
  <testcase classname="pageObjectTest.LoginTest" name="loginTest_correctCredentials_loggedToApp" time="4.837"/>
  <testcase classname="pageObjectTest.LoginTest" name="loginTest_IncorrectCredentials_errorRedFrame" time="10.897"/>
  <testcase classname="pageObjectTest.loginFactoryTest" name="loginTestFactory_incorrectLogin_loggedToApp1" time="2.146"/>
  <testcase classname="pageObjectTest.loginFactoryTest" name="loginTestFactory_correctLogin_loggedToApp1" time="1.586"/>
  <testcase classname="pageObjectTest.loginFactoryTest" name="loginTestFactory_incorrectLogin_loggedToApp3" time="1.938"/>
  <testcase classname="pageObjectTest.loginFactoryTest" name="loginTestFactory_correctLogin_loggedToApp3" time="5.1"/>
  <testcase classname="pageObjectTest.loginFactoryTest" name="loginTestFactory_incorrectLogin_loggedToApp2" time="7.472"/>
  <testcase classname="pageObjectTest.loginFactoryTest" name="loginTestFactory_correctLogin_loggedToApp2" time="5.414"/>
  <testcase classname="pageObjectTest.loginFactoryTest" name="loginTestFactory_incorrectLogin_loggedToApp" time="2.779"/>
  <testcase classname="pageObjectTest.loginFactoryTest" name="loginTestFactory_correctLogin_loggedToApp" time="1.399"/>
  <testcase classname="pageObjectTest.PlayListTest" name="playList_createPlaylist_playlistCreated" time="2.455"/>
  <testcase classname="pageObjectTest.PlayListTest" name="addSongToPlaylist_chooseSong_songSuccessefulyAdded" time="4.344"/>
  <testcase classname="pageObjectTest.PlayListTest" name="playlistTest_renamePlaylist_PlaylistRenaimed" time="4.524"/>
  <testcase classname="pageObjectTest.PlayListTest" name="playList_createPlaylist_playlistCreated1" time="12.654"/>
  <testcase classname="pageObjectTest.PlayListTest" name="addSongToPlaylist_chooseSong_songSuccessefulyAdded1" time="3.7"/>
  <testcase classname="pageObjectTest.PlayListTest" name="playlistTest_renamePlaylist_PlaylistRenaimed1" time="4.02"/>
  <testcase classname="pageObjectTest.PlayListTest" name="playList_createPlaylist_playlistCreated2" time="3.485"/>
  <testcase classname="pageObjectTest.PlayListTest" name="addSongToPlaylist_chooseSong_songSuccessefulyAdded2" time="7.74"/>
  <testcase classname="pageObjectTest.PlayListTest" name="playlistTest_renamePlaylist_PlaylistRenaimed2" time="4.637"/>
  <testcase classname="pageObjectTest.PlayListTest" name="playList_createPlaylist_playlistCreated3" time="2.573"/>
  <testcase classname="pageObjectTest.PlayListTest" name="addSongToPlaylist_chooseSong_songSuccessefulyAdded3" time="3.283"/>
  <testcase classname="pageObjectTest.PlayListTest" name="playlistTest_renamePlaylist_PlaylistRenaimed3" time="3.468"/>
  <testcase classname="pageObjectTest.PlayListTest" name="flakytest" time="0.0">
    <ignored/>
  </testcase> <!-- flakytest -->
</testsuite> <!-- Selenium test -->
